[03-Feb-2026 02:44:07 Africa/Nairobi] [SubjectController::getSubjectStudents] START - 2026-02-03 02:44:07
[03-Feb-2026 02:44:07 Africa/Nairobi] [SubjectController::getSubjectStudents] Session data: {"loggedin":true,"id":"1","username":"tishtito","name":"Frankline Mutitu","exam_id":8}
[03-Feb-2026 02:44:07 Africa/Nairobi] [SubjectController::getSubjectStudents] Examiner ID: 1
[03-Feb-2026 02:44:07 Africa/Nairobi] [SubjectController::getSubjectStudents] Exam ID: 8
[03-Feb-2026 02:44:07 Africa/Nairobi] [SubjectController::getSubjectStudents] Subject ID: 1, Class ID: 2
[03-Feb-2026 02:44:07 Africa/Nairobi] [SubjectController::getSubjectStudents] Access check: GRANTED
[03-Feb-2026 02:44:07 Africa/Nairobi] [SubjectController::getSubjectStudents] Querying students for class: 2
[03-Feb-2026 02:44:07 Africa/Nairobi] [SubjectController::getSubjectStudents] Found 0 students
[03-Feb-2026 02:44:07 Africa/Nairobi] [SubjectController::getSubjectStudents] Subject: {"subject_id":"1","name":"Math"}
[03-Feb-2026 02:44:07 Africa/Nairobi] [SubjectController::getSubjectStudents] Querying exam results for exam: 8
[03-Feb-2026 02:44:07 Africa/Nairobi] [SubjectController::getSubjectStudents] Found 82 results
[03-Feb-2026 02:44:07 Africa/Nairobi] [SubjectController::getSubjectStudents] SUCCESS - Returning 0 students
[03-Feb-2026 02:47:56 Africa/Nairobi] [SubjectController::getSubjectStudents] START - 2026-02-03 02:47:56
[03-Feb-2026 02:47:56 Africa/Nairobi] [SubjectController::getSubjectStudents] Session data: {"loggedin":true,"id":"1","username":"tishtito","name":"Frankline Mutitu","exam_id":8}
[03-Feb-2026 02:47:56 Africa/Nairobi] [SubjectController::getSubjectStudents] Examiner ID: 1
[03-Feb-2026 02:47:56 Africa/Nairobi] [SubjectController::getSubjectStudents] Exam ID: 8
[03-Feb-2026 02:47:56 Africa/Nairobi] [SubjectController::getSubjectStudents] Subject ID: 1, Class ID: 2
[03-Feb-2026 02:47:56 Africa/Nairobi] [SubjectController::getSubjectStudents] Access check: GRANTED
[03-Feb-2026 02:47:56 Africa/Nairobi] [SubjectController::getSubjectStudents] Querying students for class: 2
[03-Feb-2026 02:47:56 Africa/Nairobi] [SubjectController::getSubjectStudents] Found 0 students
[03-Feb-2026 02:47:56 Africa/Nairobi] [SubjectController::getSubjectStudents] Subject: {"subject_id":"1","name":"Math"}
[03-Feb-2026 02:47:56 Africa/Nairobi] [SubjectController::getSubjectStudents] Querying exam results for exam: 8
[03-Feb-2026 02:47:56 Africa/Nairobi] [SubjectController::getSubjectStudents] Found 82 results
[03-Feb-2026 02:47:56 Africa/Nairobi] [SubjectController::getSubjectStudents] SUCCESS - Returning 0 students
[03-Feb-2026 02:48:05 Africa/Nairobi] [SubjectController::getSubjectStudents] START - 2026-02-03 02:48:05
[03-Feb-2026 02:48:05 Africa/Nairobi] [SubjectController::getSubjectStudents] Session data: {"loggedin":true,"id":"1","username":"tishtito","name":"Frankline Mutitu","exam_id":8}
[03-Feb-2026 02:48:05 Africa/Nairobi] [SubjectController::getSubjectStudents] Examiner ID: 1
[03-Feb-2026 02:48:05 Africa/Nairobi] [SubjectController::getSubjectStudents] Exam ID: 8
[03-Feb-2026 02:48:05 Africa/Nairobi] [SubjectController::getSubjectStudents] Subject ID: 1, Class ID: 2
[03-Feb-2026 02:48:05 Africa/Nairobi] [SubjectController::getSubjectStudents] Access check: GRANTED
[03-Feb-2026 02:48:05 Africa/Nairobi] [SubjectController::getSubjectStudents] Querying students for class: 2
[03-Feb-2026 02:48:05 Africa/Nairobi] [SubjectController::getSubjectStudents] Found 0 students
[03-Feb-2026 02:48:05 Africa/Nairobi] [SubjectController::getSubjectStudents] Subject: {"subject_id":"1","name":"Math"}
[03-Feb-2026 02:48:05 Africa/Nairobi] [SubjectController::getSubjectStudents] Querying exam results for exam: 8
[03-Feb-2026 02:48:05 Africa/Nairobi] [SubjectController::getSubjectStudents] Found 82 results
[03-Feb-2026 02:48:05 Africa/Nairobi] [SubjectController::getSubjectStudents] SUCCESS - Returning 0 students
[03-Feb-2026 02:48:50 Africa/Nairobi] [DASHBOARD] Request started. Session status: 2
[03-Feb-2026 02:48:50 Africa/Nairobi] [DASHBOARD] Session data: {"loggedin":true,"id":"1","username":"tishtito","name":"Frankline Mutitu","exam_id":8}
[03-Feb-2026 02:48:50 Africa/Nairobi] [DASHBOARD] Extracted examiner ID: 1
[03-Feb-2026 02:48:50 Africa/Nairobi] [DASHBOARD] Fetching subjects for examiner_id=1
[03-Feb-2026 02:48:50 Africa/Nairobi] [DASHBOARD] Subjects query result: [{"subject_id":"1","name":"Math"},{"subject_id":"2","name":"English"},{"subject_id":"3","name":"Kiswahili"},{"subject_id":"4","name":"creative arts"},{"subject_id":"5","name":"pre-technical"},{"subject_id":"6","name":"agriculture"},{"subject_id":"7","name":"religious"},{"subject_id":"8","name":"social studies"},{"subject_id":"9","name":"intergrated science"}]
[03-Feb-2026 02:48:50 Africa/Nairobi] [DASHBOARD] Fetching classes for examiner_id=1
[03-Feb-2026 02:48:50 Africa/Nairobi] [DASHBOARD] Classes query result: [{"class_id":"2","class_name":"7_blue"},{"class_id":"1","class_name":"7_red"},{"class_id":"4","class_name":"8_blue"},{"class_id":"3","class_name":"8_red"},{"class_id":"6","class_name":"9_blue"},{"class_id":"5","class_name":"9_red"}]
[03-Feb-2026 02:48:50 Africa/Nairobi] [DASHBOARD] Success: Returning dashboard data for examiner_id=1
[03-Feb-2026 02:48:56 Africa/Nairobi] [DASHBOARD] Request started. Session status: 2
[03-Feb-2026 02:48:56 Africa/Nairobi] [DASHBOARD] Session data: {"loggedin":true,"id":"1","username":"tishtito","name":"Frankline Mutitu","exam_id":13}
[03-Feb-2026 02:48:56 Africa/Nairobi] [DASHBOARD] Extracted examiner ID: 1
[03-Feb-2026 02:48:56 Africa/Nairobi] [DASHBOARD] Fetching subjects for examiner_id=1
[03-Feb-2026 02:48:56 Africa/Nairobi] [DASHBOARD] Subjects query result: [{"subject_id":"1","name":"Math"},{"subject_id":"2","name":"English"},{"subject_id":"3","name":"Kiswahili"},{"subject_id":"4","name":"creative arts"},{"subject_id":"5","name":"pre-technical"},{"subject_id":"6","name":"agriculture"},{"subject_id":"7","name":"religious"},{"subject_id":"8","name":"social studies"},{"subject_id":"9","name":"intergrated science"}]
[03-Feb-2026 02:48:56 Africa/Nairobi] [DASHBOARD] Fetching classes for examiner_id=1
[03-Feb-2026 02:48:56 Africa/Nairobi] [DASHBOARD] Classes query result: [{"class_id":"2","class_name":"7_blue"},{"class_id":"1","class_name":"7_red"},{"class_id":"4","class_name":"8_blue"},{"class_id":"3","class_name":"8_red"},{"class_id":"6","class_name":"9_blue"},{"class_id":"5","class_name":"9_red"}]
[03-Feb-2026 02:48:56 Africa/Nairobi] [DASHBOARD] Success: Returning dashboard data for examiner_id=1
[03-Feb-2026 02:48:58 Africa/Nairobi] [SubjectController::getSubjectStudents] START - 2026-02-03 02:48:58
[03-Feb-2026 02:48:58 Africa/Nairobi] [SubjectController::getSubjectStudents] Session data: {"loggedin":true,"id":"1","username":"tishtito","name":"Frankline Mutitu","exam_id":13}
[03-Feb-2026 02:48:58 Africa/Nairobi] [SubjectController::getSubjectStudents] Examiner ID: 1
[03-Feb-2026 02:48:58 Africa/Nairobi] [SubjectController::getSubjectStudents] Exam ID: 13
[03-Feb-2026 02:48:58 Africa/Nairobi] [SubjectController::getSubjectStudents] Subject ID: 1, Class ID: 2
[03-Feb-2026 02:48:58 Africa/Nairobi] [SubjectController::getSubjectStudents] Access check: GRANTED
[03-Feb-2026 02:48:58 Africa/Nairobi] [SubjectController::getSubjectStudents] Querying students for class: 2
[03-Feb-2026 02:48:58 Africa/Nairobi] [SubjectController::getSubjectStudents] Found 0 students
[03-Feb-2026 02:48:58 Africa/Nairobi] [SubjectController::getSubjectStudents] Subject: {"subject_id":"1","name":"Math"}
[03-Feb-2026 02:48:58 Africa/Nairobi] [SubjectController::getSubjectStudents] Querying exam results for exam: 13
[03-Feb-2026 02:48:58 Africa/Nairobi] [SubjectController::getSubjectStudents] Found 166 results
[03-Feb-2026 02:48:58 Africa/Nairobi] [SubjectController::getSubjectStudents] SUCCESS - Returning 0 students
[03-Feb-2026 02:49:45 Africa/Nairobi] [SubjectController::getSubjectStudents] START - 2026-02-03 02:49:45
[03-Feb-2026 02:49:45 Africa/Nairobi] [SubjectController::getSubjectStudents] Session data: {"loggedin":true,"id":"1","username":"tishtito","name":"Frankline Mutitu","exam_id":13}
[03-Feb-2026 02:49:45 Africa/Nairobi] [SubjectController::getSubjectStudents] Examiner ID: 1
[03-Feb-2026 02:49:45 Africa/Nairobi] [SubjectController::getSubjectStudents] Exam ID: 13
[03-Feb-2026 02:49:45 Africa/Nairobi] [SubjectController::getSubjectStudents] Subject ID: 1, Class ID: 2
[03-Feb-2026 02:49:45 Africa/Nairobi] [SubjectController::getSubjectStudents] Access check: GRANTED
[03-Feb-2026 02:49:45 Africa/Nairobi] [SubjectController::getSubjectStudents] Querying students for class: 2
[03-Feb-2026 02:49:45 Africa/Nairobi] [SubjectController::getSubjectStudents] Class info: "7_blue"
[03-Feb-2026 02:49:45 Africa/Nairobi] [SubjectController::getSubjectStudents] Found 39 students
[03-Feb-2026 02:49:45 Africa/Nairobi] [SubjectController::getSubjectStudents] Subject: {"subject_id":"1","name":"Math"}
[03-Feb-2026 02:49:45 Africa/Nairobi] [SubjectController::getSubjectStudents] Querying exam results for exam: 13
[03-Feb-2026 02:49:45 Africa/Nairobi] [SubjectController::getSubjectStudents] Found 166 results
[03-Feb-2026 02:49:45 Africa/Nairobi] [SubjectController::getSubjectStudents] SUCCESS - Returning 39 students
[03-Feb-2026 02:51:02 Africa/Nairobi] [SubjectController::getSubjectStudents] START - 2026-02-03 02:51:02
[03-Feb-2026 02:51:02 Africa/Nairobi] [SubjectController::getSubjectStudents] Session data: {"loggedin":true,"id":"1","username":"tishtito","name":"Frankline Mutitu","exam_id":13}
[03-Feb-2026 02:51:02 Africa/Nairobi] [SubjectController::getSubjectStudents] Examiner ID: 1
[03-Feb-2026 02:51:02 Africa/Nairobi] [SubjectController::getSubjectStudents] Exam ID: 13
[03-Feb-2026 02:51:02 Africa/Nairobi] [SubjectController::getSubjectStudents] Subject ID: 1, Class ID: 2
[03-Feb-2026 02:51:02 Africa/Nairobi] [SubjectController::getSubjectStudents] Access check: GRANTED
[03-Feb-2026 02:51:02 Africa/Nairobi] [SubjectController::getSubjectStudents] Querying students for class: 2
[03-Feb-2026 02:51:02 Africa/Nairobi] [SubjectController::getSubjectStudents] Class info: "7_blue"
[03-Feb-2026 02:51:02 Africa/Nairobi] [SubjectController::getSubjectStudents] Found 39 students
[03-Feb-2026 02:51:02 Africa/Nairobi] [SubjectController::getSubjectStudents] Subject: {"subject_id":"1","name":"Math"}
[03-Feb-2026 02:51:02 Africa/Nairobi] [SubjectController::getSubjectStudents] Querying exam results for exam: 13
[03-Feb-2026 02:51:02 Africa/Nairobi] [SubjectController::getSubjectStudents] Found 166 results
[03-Feb-2026 02:51:02 Africa/Nairobi] [SubjectController::getSubjectStudents] SUCCESS - Returning 39 students
[03-Feb-2026 02:53:27 Africa/Nairobi] [SubjectController::getSubjectStudents] START - 2026-02-03 02:53:27
[03-Feb-2026 02:53:27 Africa/Nairobi] [SubjectController::getSubjectStudents] Session data: {"loggedin":true,"id":"1","username":"tishtito","name":"Frankline Mutitu","exam_id":13}
[03-Feb-2026 02:53:27 Africa/Nairobi] [SubjectController::getSubjectStudents] Examiner ID: 1
[03-Feb-2026 02:53:27 Africa/Nairobi] [SubjectController::getSubjectStudents] Exam ID: 13
[03-Feb-2026 02:53:27 Africa/Nairobi] [SubjectController::getSubjectStudents] Subject ID: 1, Class ID: 2
[03-Feb-2026 02:53:27 Africa/Nairobi] [SubjectController::getSubjectStudents] Access check: GRANTED
[03-Feb-2026 02:53:27 Africa/Nairobi] [SubjectController::getSubjectStudents] Querying students for class: 2
[03-Feb-2026 02:53:27 Africa/Nairobi] [SubjectController::getSubjectStudents] Class info: "7_blue"
[03-Feb-2026 02:53:27 Africa/Nairobi] [SubjectController::getSubjectStudents] Found 39 students
[03-Feb-2026 02:53:27 Africa/Nairobi] [SubjectController::getSubjectStudents] Subject: {"subject_id":"1","name":"Math"}
[03-Feb-2026 02:53:27 Africa/Nairobi] [SubjectController::getSubjectStudents] Querying exam results for exam: 13
[03-Feb-2026 02:53:27 Africa/Nairobi] [SubjectController::getSubjectStudents] Found 166 results
[03-Feb-2026 02:53:27 Africa/Nairobi] [SubjectController::getSubjectStudents] SUCCESS - Returning 39 students
[03-Feb-2026 02:53:33 Africa/Nairobi] [SubjectController::getSubjectStudents] START - 2026-02-03 02:53:33
[03-Feb-2026 02:53:33 Africa/Nairobi] [SubjectController::getSubjectStudents] Session data: {"loggedin":true,"id":"1","username":"tishtito","name":"Frankline Mutitu","exam_id":13}
[03-Feb-2026 02:53:33 Africa/Nairobi] [SubjectController::getSubjectStudents] Examiner ID: 1
[03-Feb-2026 02:53:33 Africa/Nairobi] [SubjectController::getSubjectStudents] Exam ID: 13
[03-Feb-2026 02:53:33 Africa/Nairobi] [SubjectController::getSubjectStudents] Subject ID: 1, Class ID: 2
[03-Feb-2026 02:53:33 Africa/Nairobi] [SubjectController::getSubjectStudents] Access check: GRANTED
[03-Feb-2026 02:53:33 Africa/Nairobi] [SubjectController::getSubjectStudents] Querying students for class: 2
[03-Feb-2026 02:53:33 Africa/Nairobi] [SubjectController::getSubjectStudents] Class info: "7_blue"
[03-Feb-2026 02:53:33 Africa/Nairobi] [SubjectController::getSubjectStudents] Found 39 students
[03-Feb-2026 02:53:33 Africa/Nairobi] [SubjectController::getSubjectStudents] Subject: {"subject_id":"1","name":"Math"}
[03-Feb-2026 02:53:33 Africa/Nairobi] [SubjectController::getSubjectStudents] Querying exam results for exam: 13
[03-Feb-2026 02:53:33 Africa/Nairobi] [SubjectController::getSubjectStudents] Found 166 results
[03-Feb-2026 02:53:33 Africa/Nairobi] [SubjectController::getSubjectStudents] SUCCESS - Returning 39 students
[03-Feb-2026 02:58:27 Africa/Nairobi] [DASHBOARD] Request started. Session status: 2
[03-Feb-2026 02:58:27 Africa/Nairobi] [DASHBOARD] Session data: {"loggedin":true,"id":"1","username":"tishtito","name":"Frankline Mutitu","exam_id":13}
[03-Feb-2026 02:58:27 Africa/Nairobi] [DASHBOARD] Extracted examiner ID: 1
[03-Feb-2026 02:58:27 Africa/Nairobi] [DASHBOARD] Fetching subjects for examiner_id=1
[03-Feb-2026 02:58:27 Africa/Nairobi] [DASHBOARD] Subjects query result: [{"subject_id":"1","name":"Math"},{"subject_id":"2","name":"English"},{"subject_id":"3","name":"Kiswahili"},{"subject_id":"4","name":"creative arts"},{"subject_id":"5","name":"pre-technical"},{"subject_id":"6","name":"agriculture"},{"subject_id":"7","name":"religious"},{"subject_id":"8","name":"social studies"},{"subject_id":"9","name":"intergrated science"}]
[03-Feb-2026 02:58:27 Africa/Nairobi] [DASHBOARD] Fetching classes for examiner_id=1
[03-Feb-2026 02:58:27 Africa/Nairobi] [DASHBOARD] Classes query result: [{"class_id":"2","class_name":"7_blue"},{"class_id":"1","class_name":"7_red"},{"class_id":"4","class_name":"8_blue"},{"class_id":"3","class_name":"8_red"},{"class_id":"6","class_name":"9_blue"},{"class_id":"5","class_name":"9_red"}]
[03-Feb-2026 02:58:27 Africa/Nairobi] [DASHBOARD] Success: Returning dashboard data for examiner_id=1
[03-Feb-2026 02:58:28 Africa/Nairobi] [SubjectController::getSubjectStudents] START - 2026-02-03 02:58:28
[03-Feb-2026 02:58:28 Africa/Nairobi] [SubjectController::getSubjectStudents] Session data: {"loggedin":true,"id":"1","username":"tishtito","name":"Frankline Mutitu","exam_id":13}
[03-Feb-2026 02:58:28 Africa/Nairobi] [SubjectController::getSubjectStudents] Examiner ID: 1
[03-Feb-2026 02:58:28 Africa/Nairobi] [SubjectController::getSubjectStudents] Exam ID: 13
[03-Feb-2026 02:58:28 Africa/Nairobi] [SubjectController::getSubjectStudents] Subject ID: 1, Class ID: 2
[03-Feb-2026 02:58:28 Africa/Nairobi] [SubjectController::getSubjectStudents] Access check: GRANTED
[03-Feb-2026 02:58:28 Africa/Nairobi] [SubjectController::getSubjectStudents] Querying students for class: 2
[03-Feb-2026 02:58:28 Africa/Nairobi] [SubjectController::getSubjectStudents] Class info: "7_blue"
[03-Feb-2026 02:58:28 Africa/Nairobi] [SubjectController::getSubjectStudents] Found 39 students
[03-Feb-2026 02:58:28 Africa/Nairobi] [SubjectController::getSubjectStudents] Subject: {"subject_id":"1","name":"Math"}
[03-Feb-2026 02:58:28 Africa/Nairobi] [SubjectController::getSubjectStudents] Querying exam results for exam: 13
[03-Feb-2026 02:58:28 Africa/Nairobi] [SubjectController::getSubjectStudents] Found 166 results
[03-Feb-2026 02:58:28 Africa/Nairobi] [SubjectController::getSubjectStudents] SUCCESS - Returning 39 students
[03-Feb-2026 03:02:20 Africa/Nairobi] [SubjectController::getSubjectStudents] START - 2026-02-03 03:02:20
[03-Feb-2026 03:02:20 Africa/Nairobi] [SubjectController::getSubjectStudents] Session data: {"loggedin":true,"id":"1","username":"tishtito","name":"Frankline Mutitu","exam_id":13}
[03-Feb-2026 03:02:20 Africa/Nairobi] [SubjectController::getSubjectStudents] Examiner ID: 1
[03-Feb-2026 03:02:20 Africa/Nairobi] [SubjectController::getSubjectStudents] Exam ID: 13
[03-Feb-2026 03:02:20 Africa/Nairobi] [SubjectController::getSubjectStudents] Subject ID: 1, Class ID: 2
[03-Feb-2026 03:02:20 Africa/Nairobi] [SubjectController::getSubjectStudents] Access check: GRANTED
[03-Feb-2026 03:02:20 Africa/Nairobi] [SubjectController::getSubjectStudents] Querying students for class: 2
[03-Feb-2026 03:02:20 Africa/Nairobi] [SubjectController::getSubjectStudents] Class info: "7_blue"
[03-Feb-2026 03:02:20 Africa/Nairobi] [SubjectController::getSubjectStudents] Found 39 students
[03-Feb-2026 03:02:20 Africa/Nairobi] [SubjectController::getSubjectStudents] Subject: {"subject_id":"1","name":"Math"}
[03-Feb-2026 03:02:20 Africa/Nairobi] [SubjectController::getSubjectStudents] Querying exam results for exam: 13
[03-Feb-2026 03:02:20 Africa/Nairobi] [SubjectController::getSubjectStudents] Found 166 results
[03-Feb-2026 03:02:20 Africa/Nairobi] [SubjectController::getSubjectStudents] SUCCESS - Returning 39 students
[03-Feb-2026 03:02:41 Africa/Nairobi] [SubjectController::getSubjectStudents] START - 2026-02-03 03:02:41
[03-Feb-2026 03:02:41 Africa/Nairobi] [SubjectController::getSubjectStudents] Session data: {"loggedin":true,"id":"1","username":"tishtito","name":"Frankline Mutitu","exam_id":13}
[03-Feb-2026 03:02:41 Africa/Nairobi] [SubjectController::getSubjectStudents] Examiner ID: 1
[03-Feb-2026 03:02:41 Africa/Nairobi] [SubjectController::getSubjectStudents] Exam ID: 13
[03-Feb-2026 03:02:41 Africa/Nairobi] [SubjectController::getSubjectStudents] Subject ID: 1, Class ID: 2
[03-Feb-2026 03:02:41 Africa/Nairobi] [SubjectController::getSubjectStudents] Access check: GRANTED
[03-Feb-2026 03:02:41 Africa/Nairobi] [SubjectController::getSubjectStudents] Querying students for class: 2
[03-Feb-2026 03:02:41 Africa/Nairobi] [SubjectController::getSubjectStudents] Class info: "7_blue"
[03-Feb-2026 03:02:41 Africa/Nairobi] [SubjectController::getSubjectStudents] Found 39 students
[03-Feb-2026 03:02:41 Africa/Nairobi] [SubjectController::getSubjectStudents] Subject: {"subject_id":"1","name":"Math"}
[03-Feb-2026 03:02:41 Africa/Nairobi] [SubjectController::getSubjectStudents] Querying exam results for exam: 13
[03-Feb-2026 03:02:41 Africa/Nairobi] [SubjectController::getSubjectStudents] Found 166 results
[03-Feb-2026 03:02:41 Africa/Nairobi] [SubjectController::getSubjectStudents] SUCCESS - Returning 39 students
[03-Feb-2026 03:04:02 Africa/Nairobi] [SubjectController::getSubjectStudents] START - 2026-02-03 03:04:02
[03-Feb-2026 03:04:02 Africa/Nairobi] [SubjectController::getSubjectStudents] Session data: {"loggedin":true,"id":"1","username":"tishtito","name":"Frankline Mutitu","exam_id":13}
[03-Feb-2026 03:04:02 Africa/Nairobi] [SubjectController::getSubjectStudents] Examiner ID: 1
[03-Feb-2026 03:04:02 Africa/Nairobi] [SubjectController::getSubjectStudents] Exam ID: 13
[03-Feb-2026 03:04:02 Africa/Nairobi] [SubjectController::getSubjectStudents] Subject ID: 1, Class ID: 2
[03-Feb-2026 03:04:02 Africa/Nairobi] [SubjectController::getSubjectStudents] Access check: GRANTED
[03-Feb-2026 03:04:02 Africa/Nairobi] [SubjectController::getSubjectStudents] Querying students for class: 2
[03-Feb-2026 03:04:02 Africa/Nairobi] [SubjectController::getSubjectStudents] Class info: "7_blue"
[03-Feb-2026 03:04:02 Africa/Nairobi] [SubjectController::getSubjectStudents] Found 39 students
[03-Feb-2026 03:04:02 Africa/Nairobi] [SubjectController::getSubjectStudents] Subject: {"subject_id":"1","name":"Math"}
[03-Feb-2026 03:04:02 Africa/Nairobi] [SubjectController::getSubjectStudents] Querying exam results for exam: 13
[03-Feb-2026 03:04:02 Africa/Nairobi] [SubjectController::getSubjectStudents] Found 166 results
[03-Feb-2026 03:04:02 Africa/Nairobi] [SubjectController::getSubjectStudents] SUCCESS - Returning 39 students
[03-Feb-2026 03:04:16 Africa/Nairobi] [SubjectController::getSubjectStudents] START - 2026-02-03 03:04:16
[03-Feb-2026 03:04:16 Africa/Nairobi] [SubjectController::getSubjectStudents] Session data: {"loggedin":true,"id":"1","username":"tishtito","name":"Frankline Mutitu","exam_id":13}
[03-Feb-2026 03:04:16 Africa/Nairobi] [SubjectController::getSubjectStudents] Examiner ID: 1
[03-Feb-2026 03:04:16 Africa/Nairobi] [SubjectController::getSubjectStudents] Exam ID: 13
[03-Feb-2026 03:04:16 Africa/Nairobi] [SubjectController::getSubjectStudents] Subject ID: 1, Class ID: 2
[03-Feb-2026 03:04:16 Africa/Nairobi] [SubjectController::getSubjectStudents] Access check: GRANTED
[03-Feb-2026 03:04:16 Africa/Nairobi] [SubjectController::getSubjectStudents] Querying students for class: 2
[03-Feb-2026 03:04:16 Africa/Nairobi] [SubjectController::getSubjectStudents] Class info: "7_blue"
[03-Feb-2026 03:04:16 Africa/Nairobi] [SubjectController::getSubjectStudents] Found 39 students
[03-Feb-2026 03:04:16 Africa/Nairobi] [SubjectController::getSubjectStudents] Subject: {"subject_id":"1","name":"Math"}
[03-Feb-2026 03:04:16 Africa/Nairobi] [SubjectController::getSubjectStudents] Querying exam results for exam: 13
[03-Feb-2026 03:04:16 Africa/Nairobi] [SubjectController::getSubjectStudents] Found 166 results
[03-Feb-2026 03:04:16 Africa/Nairobi] [SubjectController::getSubjectStudents] SUCCESS - Returning 39 students
[03-Feb-2026 03:04:47 Africa/Nairobi] [SubjectController::getSubjectStudents] START - 2026-02-03 03:04:47
[03-Feb-2026 03:04:47 Africa/Nairobi] [SubjectController::getSubjectStudents] Session data: {"loggedin":true,"id":"1","username":"tishtito","name":"Frankline Mutitu","exam_id":13}
[03-Feb-2026 03:04:47 Africa/Nairobi] [SubjectController::getSubjectStudents] Examiner ID: 1
[03-Feb-2026 03:04:47 Africa/Nairobi] [SubjectController::getSubjectStudents] Exam ID: 13
[03-Feb-2026 03:04:47 Africa/Nairobi] [SubjectController::getSubjectStudents] Subject ID: 1, Class ID: 2
[03-Feb-2026 03:04:47 Africa/Nairobi] [SubjectController::getSubjectStudents] Access check: GRANTED
[03-Feb-2026 03:04:47 Africa/Nairobi] [SubjectController::getSubjectStudents] Querying students for class: 2
[03-Feb-2026 03:04:47 Africa/Nairobi] [SubjectController::getSubjectStudents] Class info: "7_blue"
[03-Feb-2026 03:04:47 Africa/Nairobi] [SubjectController::getSubjectStudents] Found 39 students
[03-Feb-2026 03:04:47 Africa/Nairobi] [SubjectController::getSubjectStudents] Subject: {"subject_id":"1","name":"Math"}
[03-Feb-2026 03:04:47 Africa/Nairobi] [SubjectController::getSubjectStudents] Querying exam results for exam: 13
[03-Feb-2026 03:04:47 Africa/Nairobi] [SubjectController::getSubjectStudents] Found 166 results
[03-Feb-2026 03:04:47 Africa/Nairobi] [SubjectController::getSubjectStudents] SUCCESS - Returning 39 students
[03-Feb-2026 03:04:49 Africa/Nairobi] [SubjectController::getSubjectStudents] START - 2026-02-03 03:04:49
[03-Feb-2026 03:04:49 Africa/Nairobi] [SubjectController::getSubjectStudents] Session data: {"loggedin":true,"id":"1","username":"tishtito","name":"Frankline Mutitu","exam_id":13}
[03-Feb-2026 03:04:49 Africa/Nairobi] [SubjectController::getSubjectStudents] Examiner ID: 1
[03-Feb-2026 03:04:49 Africa/Nairobi] [SubjectController::getSubjectStudents] Exam ID: 13
[03-Feb-2026 03:04:49 Africa/Nairobi] [SubjectController::getSubjectStudents] Subject ID: 1, Class ID: 2
[03-Feb-2026 03:04:49 Africa/Nairobi] [SubjectController::getSubjectStudents] Access check: GRANTED
[03-Feb-2026 03:04:49 Africa/Nairobi] [SubjectController::getSubjectStudents] Querying students for class: 2
[03-Feb-2026 03:04:49 Africa/Nairobi] [SubjectController::getSubjectStudents] Class info: "7_blue"
[03-Feb-2026 03:04:49 Africa/Nairobi] [SubjectController::getSubjectStudents] Found 39 students
[03-Feb-2026 03:04:49 Africa/Nairobi] [SubjectController::getSubjectStudents] Subject: {"subject_id":"1","name":"Math"}
[03-Feb-2026 03:04:49 Africa/Nairobi] [SubjectController::getSubjectStudents] Querying exam results for exam: 13
[03-Feb-2026 03:04:49 Africa/Nairobi] [SubjectController::getSubjectStudents] Found 166 results
[03-Feb-2026 03:04:49 Africa/Nairobi] [SubjectController::getSubjectStudents] SUCCESS - Returning 39 students
[03-Feb-2026 03:05:10 Africa/Nairobi] [SubjectController::getSubjectStudents] START - 2026-02-03 03:05:10
[03-Feb-2026 03:05:10 Africa/Nairobi] [SubjectController::getSubjectStudents] Session data: []
[03-Feb-2026 03:05:10 Africa/Nairobi] [SubjectController::getSubjectStudents] UNAUTHORIZED
[03-Feb-2026 03:05:19 Africa/Nairobi] [AUTH] Login success username=tishtito
[03-Feb-2026 03:05:23 Africa/Nairobi] [DASHBOARD] Request started. Session status: 2
[03-Feb-2026 03:05:23 Africa/Nairobi] [DASHBOARD] Session data: {"loggedin":true,"id":"1","username":"tishtito","name":"Frankline Mutitu","exam_id":13}
[03-Feb-2026 03:05:23 Africa/Nairobi] [DASHBOARD] Extracted examiner ID: 1
[03-Feb-2026 03:05:23 Africa/Nairobi] [DASHBOARD] Fetching subjects for examiner_id=1
[03-Feb-2026 03:05:23 Africa/Nairobi] [DASHBOARD] Subjects query result: [{"subject_id":"1","name":"Math"},{"subject_id":"2","name":"English"},{"subject_id":"3","name":"Kiswahili"},{"subject_id":"4","name":"creative arts"},{"subject_id":"5","name":"pre-technical"},{"subject_id":"6","name":"agriculture"},{"subject_id":"7","name":"religious"},{"subject_id":"8","name":"social studies"},{"subject_id":"9","name":"intergrated science"}]
[03-Feb-2026 03:05:23 Africa/Nairobi] [DASHBOARD] Fetching classes for examiner_id=1
[03-Feb-2026 03:05:23 Africa/Nairobi] [DASHBOARD] Classes query result: [{"class_id":"2","class_name":"7_blue"},{"class_id":"1","class_name":"7_red"},{"class_id":"4","class_name":"8_blue"},{"class_id":"3","class_name":"8_red"},{"class_id":"6","class_name":"9_blue"},{"class_id":"5","class_name":"9_red"}]
[03-Feb-2026 03:05:23 Africa/Nairobi] [DASHBOARD] Success: Returning dashboard data for examiner_id=1
[03-Feb-2026 03:05:24 Africa/Nairobi] [SubjectController::getSubjectStudents] START - 2026-02-03 03:05:24
[03-Feb-2026 03:05:24 Africa/Nairobi] [SubjectController::getSubjectStudents] Session data: {"loggedin":true,"id":"1","username":"tishtito","name":"Frankline Mutitu","exam_id":13}
[03-Feb-2026 03:05:24 Africa/Nairobi] [SubjectController::getSubjectStudents] Examiner ID: 1
[03-Feb-2026 03:05:24 Africa/Nairobi] [SubjectController::getSubjectStudents] Exam ID: 13
[03-Feb-2026 03:05:24 Africa/Nairobi] [SubjectController::getSubjectStudents] Subject ID: 1, Class ID: 2
[03-Feb-2026 03:05:24 Africa/Nairobi] [SubjectController::getSubjectStudents] Access check: GRANTED
[03-Feb-2026 03:05:24 Africa/Nairobi] [SubjectController::getSubjectStudents] Querying students for class: 2
[03-Feb-2026 03:05:24 Africa/Nairobi] [SubjectController::getSubjectStudents] Class info: "7_blue"
[03-Feb-2026 03:05:24 Africa/Nairobi] [SubjectController::getSubjectStudents] Found 39 students
[03-Feb-2026 03:05:24 Africa/Nairobi] [SubjectController::getSubjectStudents] Subject: {"subject_id":"1","name":"Math"}
[03-Feb-2026 03:05:24 Africa/Nairobi] [SubjectController::getSubjectStudents] Querying exam results for exam: 13
[03-Feb-2026 03:05:24 Africa/Nairobi] [SubjectController::getSubjectStudents] Found 166 results
[03-Feb-2026 03:05:24 Africa/Nairobi] [SubjectController::getSubjectStudents] SUCCESS - Returning 39 students
[03-Feb-2026 03:06:14 Africa/Nairobi] [SubjectController::getSubjectStudents] START - 2026-02-03 03:06:14
[03-Feb-2026 03:06:14 Africa/Nairobi] [SubjectController::getSubjectStudents] Session data: {"loggedin":true,"id":"1","username":"tishtito","name":"Frankline Mutitu","exam_id":13}
[03-Feb-2026 03:06:14 Africa/Nairobi] [SubjectController::getSubjectStudents] Examiner ID: 1
[03-Feb-2026 03:06:14 Africa/Nairobi] [SubjectController::getSubjectStudents] Exam ID: 13
[03-Feb-2026 03:06:14 Africa/Nairobi] [SubjectController::getSubjectStudents] Subject ID: 1, Class ID: 2
[03-Feb-2026 03:06:14 Africa/Nairobi] [SubjectController::getSubjectStudents] Access check: GRANTED
[03-Feb-2026 03:06:14 Africa/Nairobi] [SubjectController::getSubjectStudents] Querying students for class: 2
[03-Feb-2026 03:06:14 Africa/Nairobi] [SubjectController::getSubjectStudents] Class info: "7_blue"
[03-Feb-2026 03:06:14 Africa/Nairobi] [SubjectController::getSubjectStudents] Found 39 students
[03-Feb-2026 03:06:14 Africa/Nairobi] [SubjectController::getSubjectStudents] Subject: {"subject_id":"1","name":"Math"}
[03-Feb-2026 03:06:14 Africa/Nairobi] [SubjectController::getSubjectStudents] Querying exam results for exam: 13
[03-Feb-2026 03:06:14 Africa/Nairobi] [SubjectController::getSubjectStudents] Found 166 results
[03-Feb-2026 03:06:14 Africa/Nairobi] [SubjectController::getSubjectStudents] SUCCESS - Returning 39 students
[03-Feb-2026 03:06:26 Africa/Nairobi] [SubjectController::getSubjectStudents] START - 2026-02-03 03:06:26
[03-Feb-2026 03:06:26 Africa/Nairobi] [SubjectController::getSubjectStudents] Session data: {"loggedin":true,"id":"1","username":"tishtito","name":"Frankline Mutitu","exam_id":13}
[03-Feb-2026 03:06:26 Africa/Nairobi] [SubjectController::getSubjectStudents] Examiner ID: 1
[03-Feb-2026 03:06:26 Africa/Nairobi] [SubjectController::getSubjectStudents] Exam ID: 13
[03-Feb-2026 03:06:26 Africa/Nairobi] [SubjectController::getSubjectStudents] Subject ID: 1, Class ID: 2
[03-Feb-2026 03:06:26 Africa/Nairobi] [SubjectController::getSubjectStudents] Access check: GRANTED
[03-Feb-2026 03:06:26 Africa/Nairobi] [SubjectController::getSubjectStudents] Querying students for class: 2
[03-Feb-2026 03:06:26 Africa/Nairobi] [SubjectController::getSubjectStudents] Class info: "7_blue"
[03-Feb-2026 03:06:26 Africa/Nairobi] [SubjectController::getSubjectStudents] Found 39 students
[03-Feb-2026 03:06:26 Africa/Nairobi] [SubjectController::getSubjectStudents] Subject: {"subject_id":"1","name":"Math"}
[03-Feb-2026 03:06:26 Africa/Nairobi] [SubjectController::getSubjectStudents] Querying exam results for exam: 13
[03-Feb-2026 03:06:26 Africa/Nairobi] [SubjectController::getSubjectStudents] Found 166 results
[03-Feb-2026 03:06:26 Africa/Nairobi] [SubjectController::getSubjectStudents] SUCCESS - Returning 39 students
[03-Feb-2026 03:08:27 Africa/Nairobi] [SubjectController::getSubjectStudents] START - 2026-02-03 03:08:27
[03-Feb-2026 03:08:27 Africa/Nairobi] [SubjectController::getSubjectStudents] Session data: {"loggedin":true,"id":"1","username":"tishtito","name":"Frankline Mutitu","exam_id":13}
[03-Feb-2026 03:08:27 Africa/Nairobi] [SubjectController::getSubjectStudents] Examiner ID: 1
[03-Feb-2026 03:08:27 Africa/Nairobi] [SubjectController::getSubjectStudents] Exam ID: 13
[03-Feb-2026 03:08:27 Africa/Nairobi] [SubjectController::getSubjectStudents] Subject ID: 1, Class ID: 2
[03-Feb-2026 03:08:27 Africa/Nairobi] [SubjectController::getSubjectStudents] Access check: GRANTED
[03-Feb-2026 03:08:27 Africa/Nairobi] [SubjectController::getSubjectStudents] Querying students for class: 2
[03-Feb-2026 03:08:27 Africa/Nairobi] [SubjectController::getSubjectStudents] Class info: "7_blue"
[03-Feb-2026 03:08:27 Africa/Nairobi] [SubjectController::getSubjectStudents] Found 39 students
[03-Feb-2026 03:08:27 Africa/Nairobi] [SubjectController::getSubjectStudents] Subject: {"subject_id":"1","name":"Math"}
[03-Feb-2026 03:08:27 Africa/Nairobi] [SubjectController::getSubjectStudents] Querying exam results for exam: 13
[03-Feb-2026 03:08:27 Africa/Nairobi] [SubjectController::getSubjectStudents] Found 166 results
[03-Feb-2026 03:08:27 Africa/Nairobi] [SubjectController::getSubjectStudents] SUCCESS - Returning 39 students
[03-Feb-2026 03:08:41 Africa/Nairobi] [SubjectController::getSubjectStudents] START - 2026-02-03 03:08:41
[03-Feb-2026 03:08:41 Africa/Nairobi] [SubjectController::getSubjectStudents] Session data: {"loggedin":true,"id":"1","username":"tishtito","name":"Frankline Mutitu","exam_id":13}
[03-Feb-2026 03:08:41 Africa/Nairobi] [SubjectController::getSubjectStudents] Examiner ID: 1
[03-Feb-2026 03:08:41 Africa/Nairobi] [SubjectController::getSubjectStudents] Exam ID: 13
[03-Feb-2026 03:08:41 Africa/Nairobi] [SubjectController::getSubjectStudents] Subject ID: 1, Class ID: 2
[03-Feb-2026 03:08:41 Africa/Nairobi] [SubjectController::getSubjectStudents] Access check: GRANTED
[03-Feb-2026 03:08:41 Africa/Nairobi] [SubjectController::getSubjectStudents] Querying students for class: 2
[03-Feb-2026 03:08:41 Africa/Nairobi] [SubjectController::getSubjectStudents] Class info: "7_blue"
[03-Feb-2026 03:08:41 Africa/Nairobi] [SubjectController::getSubjectStudents] Found 39 students
[03-Feb-2026 03:08:41 Africa/Nairobi] [SubjectController::getSubjectStudents] Subject: {"subject_id":"1","name":"Math"}
[03-Feb-2026 03:08:41 Africa/Nairobi] [SubjectController::getSubjectStudents] Querying exam results for exam: 13
[03-Feb-2026 03:08:41 Africa/Nairobi] [SubjectController::getSubjectStudents] Found 166 results
[03-Feb-2026 03:08:41 Africa/Nairobi] [SubjectController::getSubjectStudents] SUCCESS - Returning 39 students
[03-Feb-2026 12:02:31 Africa/Nairobi] [SubjectController::getSubjectStudents] START - 2026-02-03 12:02:31
[03-Feb-2026 12:02:31 Africa/Nairobi] [SubjectController::getSubjectStudents] Session data: {"loggedin":true,"id":"1","username":"tishtito","name":"Frankline Mutitu","exam_id":13}
[03-Feb-2026 12:02:31 Africa/Nairobi] [SubjectController::getSubjectStudents] Examiner ID: 1
[03-Feb-2026 12:02:31 Africa/Nairobi] [SubjectController::getSubjectStudents] Exam ID: 13
[03-Feb-2026 12:02:31 Africa/Nairobi] [SubjectController::getSubjectStudents] Subject ID: 1, Class ID: 2
[03-Feb-2026 12:02:31 Africa/Nairobi] [SubjectController::getSubjectStudents] Access check: GRANTED
[03-Feb-2026 12:02:31 Africa/Nairobi] [SubjectController::getSubjectStudents] Querying students for class: 2
[03-Feb-2026 12:02:31 Africa/Nairobi] [SubjectController::getSubjectStudents] Class info: "7_blue"
[03-Feb-2026 12:02:31 Africa/Nairobi] [SubjectController::getSubjectStudents] Found 39 students
[03-Feb-2026 12:02:31 Africa/Nairobi] [SubjectController::getSubjectStudents] Subject: {"subject_id":"1","name":"Math"}
[03-Feb-2026 12:02:31 Africa/Nairobi] [SubjectController::getSubjectStudents] Querying exam results for exam: 13
[03-Feb-2026 12:02:31 Africa/Nairobi] [SubjectController::getSubjectStudents] Found 166 results
[03-Feb-2026 12:02:31 Africa/Nairobi] [SubjectController::getSubjectStudents] SUCCESS - Returning 39 students
