[01-Feb-2026 17:31:02 Africa/Nairobi] [AUTH] Login success username=clarence
[01-Feb-2026 17:36:33 Africa/Nairobi] [AUTH] Invalid credentials for username=clarence adminFound=1
[01-Feb-2026 17:36:41 Africa/Nairobi] [AUTH] Login success username=clarence
[01-Feb-2026 17:38:12 Africa/Nairobi] [AUTH] Invalid credentials for username=clarencewachira6@gmail.com adminFound=0
[01-Feb-2026 17:38:47 Africa/Nairobi] [AUTH] Login success username=clarence
[01-Feb-2026 17:48:33 Africa/Nairobi] [AUTH] Login success username=clarence
[01-Feb-2026 17:49:31 Africa/Nairobi] [AUTH] Invalid credentials for username=fng adminFound=0
<<<<<<< HEAD
[02-Feb-2026 14:39:26 Africa/Nairobi] [AUTH] Invalid credentials for username=jwambu adminFound=1
[02-Feb-2026 14:39:43 Africa/Nairobi] [AUTH] Login success username=jwambu
[03-Feb-2026 01:31:26 Africa/Nairobi] [AUTH] Login success username=jwambu
[03-Feb-2026 02:13:34 Africa/Nairobi] [AUTH] Invalid credentials for username=jwambu adminFound=1
[03-Feb-2026 02:13:55 Africa/Nairobi] [AUTH] Invalid credentials for username=jwambu adminFound=1
[03-Feb-2026 02:14:04 Africa/Nairobi] [AUTH] Login success username=jwambu
[03-Feb-2026 02:15:45 Africa/Nairobi] [AUTH] Login success username=jwambu
[03-Feb-2026 02:17:04 Africa/Nairobi] [AUTH] Login success username=jwambu
=======
[01-Feb-2026 17:51:01 Africa/Nairobi] [AUTH] Login success username=clarence
[01-Feb-2026 20:01:53 Africa/Nairobi] [AUTH] Login success username=clarence
[02-Feb-2026 11:24:21 Africa/Nairobi] [AUTH] Login success username=clarence
>>>>>>> f6026ad40d988f75135324c122261f6a3aa52011
[04-Feb-2026 03:32:26 Africa/Nairobi] [AUTH] Invalid credentials for username=jwambu adminFound=1
[04-Feb-2026 03:32:37 Africa/Nairobi] [AUTH] Login success username=jwambu
